<?xml version="1.0" encoding="UTF-8"?>
<!-- Generated by org.testng.reporters.JUnitXMLReporter -->
<testsuite hostname="DESKTOP-FJOEKR9" ignored="0" name="Test" tests="1" failures="0" timestamp="05 Dec 2020 21:09:07 GMT" time="0.049" errors="0">
  <testcase name="@BeforeTest browserSetup" time="0.0" classname="com.crosstestng.CrossBrowsertest">
    <failure type="org.testng.TestNGException" message="
Parameter &amp;apos;browser&amp;apos; is required by BeforeTest on method browserSetup but has not been marked @Optional or defined
in C:\Users\marup\git\repository\SmartTech_Selenium\paralaltestng.xml">
      <![CDATA[org.testng.TestNGException: 
Parameter 'browser' is required by BeforeTest on method browserSetup but has not been marked @Optional or defined
in C:\Users\marup\git\repository\SmartTech_Selenium\paralaltestng.xml
... Removed 21 stack frames]]>
    </failure>
  </testcase> <!-- @BeforeTest browserSetup -->
  <testcase name="browserTesting" time="0.0" classname="com.crosstestng.CrossBrowsertest">
    <skipped/>
  </testcase> <!-- browserTesting -->
</testsuite> <!-- Test -->
